SF:lib\models\product.dart
DA:12,3
LF:1
LH:1
end_of_record
SF:lib\data\products_data.dart
DA:3,3
DA:4,1
DA:11,1
DA:12,1
DA:13,1
DA:15,1
DA:21,1
DA:22,1
DA:23,1
DA:25,1
DA:31,1
DA:32,1
DA:33,1
DA:35,1
DA:41,1
DA:42,1
DA:43,1
DA:45,1
DA:51,1
DA:52,1
DA:53,1
DA:55,1
DA:61,1
DA:62,1
DA:63,1
DA:65,1
DA:71,1
DA:72,1
DA:73,1
DA:75,1
DA:82,1
DA:83,1
DA:84,1
DA:86,1
DA:92,1
DA:93,1
DA:94,1
DA:96,1
DA:102,1
DA:103,1
DA:104,1
DA:106,1
DA:112,1
DA:113,1
DA:114,1
DA:116,1
DA:122,1
DA:123,1
DA:124,1
DA:126,1
DA:132,1
DA:133,1
DA:134,1
DA:136,1
DA:142,1
DA:143,1
DA:144,1
DA:146,1
DA:153,1
DA:154,1
DA:155,1
DA:157,1
DA:163,1
DA:164,1
DA:165,1
DA:167,1
DA:173,1
DA:174,1
DA:175,1
DA:177,1
DA:183,1
DA:184,1
DA:185,1
DA:187,1
DA:193,1
DA:194,1
DA:195,1
DA:197,1
DA:203,1
DA:204,1
DA:205,1
DA:209,0
DA:210,0
DA:211,0
DA:212,0
DA:213,0
DA:217,1
DA:219,5
LF:88
LH:83
end_of_record
SF:lib\widgets\footer.dart
DA:6,0
DA:8,0
DA:9,0
DA:11,0
DA:12,0
DA:18,0
DA:20,0
DA:22,0
DA:23,0
DA:28,0
DA:30,0
DA:31,0
DA:32,0
DA:33,0
DA:35,0
DA:36,0
DA:37,0
DA:38,0
DA:39,0
DA:40,0
DA:41,0
DA:42,0
DA:43,0
DA:46,0
DA:54,0
DA:56,0
DA:57,0
DA:58,0
DA:60,0
DA:61,0
DA:62,0
DA:63,0
DA:64,0
DA:65,0
DA:66,0
DA:67,0
DA:68,0
DA:77,0
DA:79,0
DA:80,0
DA:81,0
DA:91,0
DA:92,0
DA:93,0
DA:103,0
DA:118,0
DA:120,0
DA:122,0
DA:124,0
DA:126,0
DA:127,0
DA:128,0
DA:131,0
DA:203,0
DA:204,0
DA:206,0
DA:215,0
DA:216,0
DA:217,0
DA:219,0
DA:231,0
DA:232,0
DA:248,0
DA:249,0
DA:251,0
DA:260,0
DA:272,0
DA:274,0
DA:275,0
DA:276,0
DA:277,0
DA:278,0
DA:280,0
DA:295,0
DA:297,0
DA:302,0
DA:303,0
DA:304,0
DA:306,0
DA:310,0
DA:312,0
LF:81
LH:0
end_of_record
SF:lib\pages\about_page.dart
DA:6,2
DA:8,0
DA:10,0
DA:13,0
DA:14,0
DA:15,0
DA:17,0
DA:20,0
DA:22,0
DA:41,0
DA:73,0
LF:11
LH:1
end_of_record
SF:lib\data\collections_data.dart
DA:3,3
DA:4,1
DA:11,1
DA:18,1
DA:25,1
DA:32,1
DA:39,1
DA:46,1
DA:53,1
LF:9
LH:9
end_of_record
SF:lib\models\collection.dart
DA:8,1
LF:1
LH:1
end_of_record
SF:lib\models\cart_item.dart
DA:9,1
LF:1
LH:1
end_of_record
SF:lib\widgets\navbar.dart
DA:9,0
DA:11,0
DA:12,0
DA:14,0
DA:19,0
DA:21,0
DA:23,0
DA:27,0
DA:29,0
DA:30,0
DA:31,0
DA:32,0
DA:33,0
DA:35,0
DA:39,0
DA:40,0
DA:41,0
DA:42,0
DA:43,0
DA:44,0
DA:45,0
DA:48,0
DA:49,0
DA:50,0
DA:51,0
DA:52,0
DA:53,0
DA:60,0
DA:62,0
DA:63,0
DA:64,0
DA:65,0
DA:67,0
DA:68,0
DA:69,0
DA:70,0
DA:71,0
DA:72,0
DA:73,0
DA:74,0
DA:75,0
DA:85,4
DA:87,0
DA:89,0
DA:90,0
DA:91,0
DA:92,0
DA:93,0
DA:95,0
DA:102,0
DA:104,0
DA:105,0
DA:106,0
DA:107,0
DA:109,0
DA:110,0
DA:111,0
DA:112,0
DA:113,0
DA:115,0
DA:118,0
DA:125,0
DA:127,0
DA:128,0
DA:136,0
DA:137,0
DA:139,0
DA:141,0
DA:142,0
DA:144,0
DA:145,0
DA:146,0
DA:148,0
DA:163,0
DA:164,0
DA:165,0
DA:166,0
DA:167,0
DA:169,0
DA:170,0
DA:171,0
DA:174,0
DA:178,0
DA:179,0
DA:181,0
DA:182,0
DA:183,0
DA:185,0
DA:200,0
DA:201,0
DA:211,0
DA:212,0
DA:213,0
DA:215,0
DA:216,0
DA:220,0
DA:221,0
DA:223,0
DA:224,0
DA:231,0
DA:232,0
DA:234,0
DA:235,0
DA:237,0
DA:238,0
DA:242,0
DA:244,0
DA:247,0
DA:249,0
DA:250,0
DA:259,0
DA:260,0
DA:262,0
DA:263,0
DA:265,0
DA:269,0
DA:272,0
DA:273,0
DA:277,0
DA:279,0
DA:280,0
DA:281,0
DA:283,0
DA:284,0
DA:287,0
DA:288,0
DA:292,0
DA:293,0
DA:296,0
DA:306,0
DA:307,0
DA:308,0
DA:322,0
DA:327,0
DA:328,0
DA:329,0
DA:330,0
DA:331,0
DA:333,0
DA:335,0
DA:342,0
DA:344,0
DA:345,0
DA:346,0
DA:356,0
DA:357,0
DA:359,0
DA:360,0
DA:362,0
DA:366,0
DA:369,0
DA:370,0
DA:374,0
DA:376,0
DA:377,0
DA:378,0
DA:380,0
DA:381,0
DA:384,0
DA:385,0
DA:389,0
DA:390,0
DA:393,0
DA:403,0
DA:404,0
DA:405,0
DA:422,0
DA:423,0
DA:424,0
DA:427,0
DA:428,0
DA:441,0
DA:450,2
DA:455,2
DA:457,0
DA:459,0
DA:460,0
DA:461,0
DA:466,0
DA:472,4
DA:474,0
DA:476,0
DA:477,0
DA:478,0
DA:479,0
DA:481,0
DA:482,0
DA:486,0
DA:487,0
DA:494,0
DA:497,0
DA:498,0
DA:499,0
DA:502,0
DA:505,0
DA:506,0
DA:507,0
DA:510,0
DA:513,0
DA:514,0
DA:515,0
DA:518,0
DA:527,0
DA:528,0
DA:529,0
DA:532,0
DA:535,0
DA:536,0
DA:537,0
DA:540,0
DA:548,0
DA:551,0
DA:554,0
DA:555,0
DA:560,0
DA:563,0
DA:564,0
DA:565,0
DA:568,0
DA:569,0
DA:572,0
DA:573,0
DA:576,0
DA:579,0
DA:580,0
DA:581,0
LF:226
LH:4
end_of_record
SF:lib\services\cart_service.dart
DA:9,0
DA:10,0
DA:11,0
DA:15,0
DA:17,0
DA:19,0
DA:20,0
DA:23,0
DA:24,0
DA:26,0
DA:27,0
DA:28,0
DA:29,0
DA:30,0
DA:31,0
DA:33,0
DA:34,0
DA:35,0
DA:36,0
DA:37,0
DA:38,0
DA:39,0
DA:40,0
DA:41,0
DA:44,0
DA:45,0
DA:46,0
DA:47,0
DA:48,0
DA:52,0
DA:53,0
DA:55,0
DA:56,0
DA:57,0
DA:58,0
DA:59,0
DA:60,0
DA:61,0
DA:62,0
DA:63,0
DA:67,0
DA:70,0
DA:71,0
DA:72,0
DA:73,0
DA:74,0
DA:75,0
DA:76,0
DA:77,0
DA:78,0
DA:79,0
DA:80,0
DA:85,0
DA:87,0
DA:88,0
DA:89,0
DA:93,0
DA:98,0
DA:99,0
DA:100,0
DA:101,0
DA:102,0
DA:103,0
DA:104,0
DA:106,0
DA:108,0
DA:109,0
DA:112,0
DA:114,0
DA:115,0
DA:116,0
DA:117,0
DA:118,0
DA:119,0
DA:120,0
DA:121,0
DA:123,0
DA:124,0
DA:128,0
DA:129,0
DA:130,0
DA:131,0
DA:132,0
DA:133,0
DA:134,0
DA:137,0
DA:138,0
DA:139,0
DA:140,0
DA:145,0
DA:147,0
LF:91
LH:0
end_of_record
SF:lib\pages\auth_page.dart
DA:6,2
DA:8,1
DA:9,1
DA:18,0
DA:19,0
DA:20,0
DA:21,0
DA:24,0
DA:25,0
DA:26,0
DA:28,0
DA:29,0
DA:30,0
DA:31,0
DA:32,0
DA:33,0
DA:36,0
DA:37,0
DA:38,0
DA:44,0
DA:45,0
DA:46,0
DA:47,0
DA:50,0
DA:51,0
DA:52,0
DA:54,0
DA:55,0
DA:56,0
DA:57,0
DA:58,0
DA:59,0
DA:60,0
DA:63,0
DA:64,0
DA:65,0
DA:71,0
DA:72,0
DA:73,0
DA:74,0
DA:78,0
DA:79,0
DA:80,0
DA:81,0
DA:82,0
DA:83,0
DA:84,0
DA:85,0
DA:88,0
DA:89,0
DA:90,0
DA:96,1
DA:98,1
DA:99,1
DA:100,1
DA:104,2
DA:105,1
DA:107,1
DA:109,1
DA:110,1
DA:122,1
DA:123,1
DA:131,1
DA:132,1
DA:140,2
DA:141,0
DA:142,0
DA:145,1
DA:146,1
DA:147,1
DA:148,1
DA:149,2
DA:150,1
DA:154,1
DA:165,1
DA:166,1
DA:167,2
DA:168,1
DA:169,1
DA:177,1
DA:178,1
DA:179,2
DA:182,1
DA:192,1
LF:84
LH:34
end_of_record
SF:lib\pages\home_page.dart
DA:8,1
DA:10,0
DA:12,0
DA:15,0
DA:16,0
DA:17,0
DA:18,0
DA:19,0
DA:22,0
DA:25,0
DA:26,0
DA:27,0
DA:29,0
DA:44,0
DA:48,0
DA:49,0
DA:70,0
DA:71,0
DA:72,0
DA:74,0
DA:78,0
DA:79,0
DA:97,0
DA:99,0
DA:101,0
DA:102,0
DA:112,0
DA:116,0
DA:120,0
DA:121,0
DA:122,0
DA:123,0
DA:124,0
DA:125,0
DA:126,0
DA:129,0
DA:149,1
DA:157,1
DA:159,1
DA:160,1
DA:161,1
DA:164,2
DA:167,1
DA:169,2
DA:170,1
DA:172,1
DA:174,1
DA:175,1
DA:176,2
DA:177,1
DA:178,1
DA:179,1
DA:180,1
DA:183,0
DA:184,0
DA:185,0
DA:194,1
DA:195,1
DA:203,1
DA:204,1
DA:213,1
DA:214,1
LF:62
LH:24
end_of_record
